  BigMath.c
c:\users\angela\source\repos\2_data-structures\expressionwithbrackets\expressionwithbrackets\bigmath.c(79): warning C4013: 'malloc' undefined; assuming extern returning int
c:\users\angela\source\repos\2_data-structures\expressionwithbrackets\expressionwithbrackets\bigmath.c(83): warning C4013: 'calloc' undefined; assuming extern returning int
c:\users\angela\source\repos\2_data-structures\expressionwithbrackets\expressionwithbrackets\bigmath.c(200): warning C4013: 'free' undefined; assuming extern returning int
c:\users\angela\source\repos\2_data-structures\expressionwithbrackets\expressionwithbrackets\bigmath.c(223): warning C4013: 'realloc' undefined; assuming extern returning int
  Circs.c
  DataParsing.c
c:\users\angela\source\repos\2_data-structures\expressionwithbrackets\expressionwithbrackets\dataparsing.c(18): warning C4013: 'calloc' undefined; assuming extern returning int
c:\users\angela\source\repos\2_data-structures\expressionwithbrackets\expressionwithbrackets\dataparsing.c(25): warning C4013: 'free' undefined; assuming extern returning int
c:\users\angela\source\repos\2_data-structures\expressionwithbrackets\expressionwithbrackets\dataparsing.c(60): warning C4013: 'malloc' undefined; assuming extern returning int
  Main.c
  NumberStack.c
c:\users\angela\source\repos\2_data-structures\expressionwithbrackets\expressionwithbrackets\numberstack.c(5): warning C4013: 'malloc' undefined; assuming extern returning int
c:\users\angela\source\repos\2_data-structures\expressionwithbrackets\expressionwithbrackets\numberstack.c(21): warning C4013: 'free' undefined; assuming extern returning int
  OperatorStack.c
c:\users\angela\source\repos\2_data-structures\expressionwithbrackets\expressionwithbrackets\operatorstack.c(11): warning C4013: 'malloc' undefined; assuming extern returning int
c:\users\angela\source\repos\2_data-structures\expressionwithbrackets\expressionwithbrackets\operatorstack.c(27): warning C4013: 'free' undefined; assuming extern returning int
  OpzCalculation.c
c:\users\angela\source\repos\2_data-structures\expressionwithbrackets\expressionwithbrackets\opzcalculation.c(5): warning C4013: 'malloc' undefined; assuming extern returning int
c:\users\angela\source\repos\2_data-structures\expressionwithbrackets\expressionwithbrackets\opzcalculation.c(9): warning C4013: 'free' undefined; assuming extern returning int
c:\users\angela\source\repos\2_data-structures\expressionwithbrackets\expressionwithbrackets\opzcalculation.c(18): warning C4047: '!=': 'func_result_t *' differs in levels of indirection from 'int'
c:\users\angela\source\repos\2_data-structures\expressionwithbrackets\expressionwithbrackets\opzcalculation.c(58): warning C4047: 'return': 'func_result_t *' differs in levels of indirection from 'int'
c:\users\angela\source\repos\2_data-structures\expressionwithbrackets\expressionwithbrackets\opzcalculation.c(59): warning C4047: 'return': 'func_result_t *' differs in levels of indirection from 'int'
c:\users\angela\source\repos\2_data-structures\expressionwithbrackets\expressionwithbrackets\opzcalculation.c(65): warning C4047: 'return': 'func_result_t *' differs in levels of indirection from 'int'
c:\users\angela\source\repos\2_data-structures\expressionwithbrackets\expressionwithbrackets\opzcalculation.c(93): warning C4047: 'return': 'func_result_t *' differs in levels of indirection from 'int'
c:\users\angela\source\repos\2_data-structures\expressionwithbrackets\expressionwithbrackets\opzcalculation.c(101): warning C4013: 'calloc' undefined; assuming extern returning int
  OpzList.c
c:\users\angela\source\repos\2_data-structures\expressionwithbrackets\expressionwithbrackets\opzlist.c(12): warning C4013: 'malloc' undefined; assuming extern returning int
c:\users\angela\source\repos\2_data-structures\expressionwithbrackets\expressionwithbrackets\opzlist.c(18): warning C4013: 'free' undefined; assuming extern returning int
  Generating Code...
  expressionWithBrackets.vcxproj -> C:\Users\angela\source\repos\2_Data-structures\expressionWithBrackets\Debug\expressionWithBrackets.exe
